2021-06-26 14:46:38,227:DEBUG:bot: Brooke bot starting...
2021-06-26 14:46:38,345:DEBUG:bot: Brooke bot starting...
2021-06-26 14:46:38,345:DEBUG:bot: Brooke bot starting...
2021-06-26 14:46:41,375:DEBUG:bot: Parsed 772905819448672256 settings
2021-06-26 14:46:41,375:DEBUG:bot: Parsed 772905819448672256 settings
2021-06-26 14:46:41,375:DEBUG:bot: dictionary changed size during iteration
2021-06-26 14:46:41,375:DEBUG:bot: dictionary changed size during iteration
2021-06-26 14:46:41,450:DEBUG:bot: Birthday Sleeping for 69198 seconds
2021-06-26 14:46:41,450:DEBUG:bot: Birthday Sleeping for 69198 seconds
2021-06-26 14:46:41,450:DEBUG:bot: Events sleeping for 18 seconds
2021-06-26 14:46:41,450:DEBUG:bot: Events sleeping for 18 seconds
2021-06-26 14:46:41,450:DEBUG:bot: Player of the day sleeping for 798 seconds
2021-06-26 14:46:41,450:DEBUG:bot: Player of the day sleeping for 798 seconds
2021-06-26 14:47:56,970:DEBUG:bot: Brooke bot starting...
2021-06-26 14:47:56,993:DEBUG:bot: Brooke bot starting...
2021-06-26 14:47:56,993:DEBUG:bot: Brooke bot starting...
2021-06-26 14:48:00,023:DEBUG:bot: Parsed 810318689584545863 settings
2021-06-26 14:48:00,023:DEBUG:bot: Parsed 810318689584545863 settings
2021-06-26 14:48:00,023:DEBUG:bot: dictionary changed size during iteration
2021-06-26 14:48:00,023:DEBUG:bot: dictionary changed size during iteration
2021-06-26 14:48:00,043:DEBUG:bot: Birthday Sleeping for 69119 seconds
2021-06-26 14:48:00,043:DEBUG:bot: Birthday Sleeping for 69119 seconds
2021-06-26 14:48:00,043:DEBUG:bot: Events sleeping for 59 seconds
2021-06-26 14:48:00,043:DEBUG:bot: Events sleeping for 59 seconds
2021-06-26 14:48:00,043:DEBUG:bot: Player of the day sleeping for 719 seconds
2021-06-26 14:48:00,043:DEBUG:bot: Player of the day sleeping for 719 seconds
2021-06-26 14:48:33,973:DEBUG:bot: Brooke bot starting...
2021-06-26 14:48:33,992:DEBUG:bot: Brooke bot starting...
2021-06-26 14:48:33,992:DEBUG:bot: Brooke bot starting...
2021-06-26 14:48:36,890:DEBUG:bot: Parsed last-updated settings
2021-06-26 14:48:36,890:DEBUG:bot: Parsed last-updated settings
2021-06-26 14:48:36,890:DEBUG:bot: dictionary changed size during iteration
2021-06-26 14:48:36,890:DEBUG:bot: dictionary changed size during iteration
2021-06-26 14:48:36,892:DEBUG:bot: Birthday Sleeping for 69083 seconds
2021-06-26 14:48:36,892:DEBUG:bot: Birthday Sleeping for 69083 seconds
2021-06-26 14:48:36,892:DEBUG:bot: Events sleeping for 23 seconds
2021-06-26 14:48:36,892:DEBUG:bot: Events sleeping for 23 seconds
2021-06-26 14:48:36,893:DEBUG:bot: Player of the day sleeping for 683 seconds
2021-06-26 14:48:36,893:DEBUG:bot: Player of the day sleeping for 683 seconds
2021-06-26 14:52:14,088:DEBUG:bot: Brooke bot starting...
2021-06-26 14:52:14,122:DEBUG:bot: Brooke bot starting...
2021-06-26 14:52:14,122:DEBUG:bot: Brooke bot starting...
2021-06-26 14:52:17,144:DEBUG:bot: Parsed last-updated settings
2021-06-26 14:52:17,144:DEBUG:bot: Parsed last-updated settings
2021-06-26 14:52:17,144:DEBUG:bot: dictionary changed size during iteration
2021-06-26 14:52:17,144:DEBUG:bot: dictionary changed size during iteration
2021-06-26 14:52:17,219:DEBUG:bot: Birthday Sleeping for 68862 seconds
2021-06-26 14:52:17,219:DEBUG:bot: Birthday Sleeping for 68862 seconds
2021-06-26 14:52:17,219:DEBUG:bot: Events sleeping for 42 seconds
2021-06-26 14:52:17,219:DEBUG:bot: Events sleeping for 42 seconds
2021-06-26 14:52:17,219:DEBUG:bot: Player of the day sleeping for 462 seconds
2021-06-26 14:52:17,219:DEBUG:bot: Player of the day sleeping for 462 seconds
2021-06-26 14:58:34,008:DEBUG:bot: Parsed last-updated settings
2021-06-26 14:58:34,008:DEBUG:bot: Parsed last-updated settings
2021-06-26 14:58:34,008:DEBUG:bot: dictionary changed size during iteration
2021-06-26 14:58:34,008:DEBUG:bot: dictionary changed size during iteration
2021-06-26 14:58:40,638:DEBUG:bot: Brooke bot starting...
2021-06-26 14:58:40,656:DEBUG:bot: Brooke bot starting...
2021-06-26 14:58:40,656:DEBUG:bot: Brooke bot starting...
2021-06-26 14:58:43,625:DEBUG:bot: Parsed last-updated settings
2021-06-26 14:58:43,625:DEBUG:bot: Parsed last-updated settings
2021-06-26 14:58:43,625:DEBUG:bot: dictionary changed size during iteration
2021-06-26 14:58:43,625:DEBUG:bot: dictionary changed size during iteration
2021-06-26 14:58:43,627:DEBUG:bot: Birthday Sleeping for 68476 seconds
2021-06-26 14:58:43,627:DEBUG:bot: Birthday Sleeping for 68476 seconds
2021-06-26 14:58:43,628:DEBUG:bot: Events sleeping for 16 seconds
2021-06-26 14:58:43,628:DEBUG:bot: Events sleeping for 16 seconds
2021-06-26 14:58:43,628:DEBUG:bot: Player of the day sleeping for 76 seconds
2021-06-26 14:58:43,628:DEBUG:bot: Player of the day sleeping for 76 seconds
2021-06-26 14:59:14,621:DEBUG:bot: Brooke bot starting...
2021-06-26 14:59:14,652:DEBUG:bot: Brooke bot starting...
2021-06-26 14:59:14,652:DEBUG:bot: Brooke bot starting...
2021-06-26 14:59:17,559:DEBUG:bot: Parsed last-updated settings
2021-06-26 14:59:17,559:DEBUG:bot: Parsed last-updated settings
2021-06-26 14:59:17,559:DEBUG:bot: dictionary changed size during iteration
2021-06-26 14:59:17,559:DEBUG:bot: dictionary changed size during iteration
2021-06-26 14:59:17,591:DEBUG:bot: Birthday Sleeping for 68442 seconds
2021-06-26 14:59:17,591:DEBUG:bot: Birthday Sleeping for 68442 seconds
2021-06-26 14:59:17,591:DEBUG:bot: Player of the day sleeping for 42 seconds
2021-06-26 14:59:17,591:DEBUG:bot: Player of the day sleeping for 42 seconds
2021-06-26 15:00:00,608:DEBUG:bot: Checking if time to activate
2021-06-26 15:00:00,608:DEBUG:bot: Checking if time to activate
2021-06-26 15:00:00,611:DEBUG:bot: Exeption: string indices must be integers
 The value of guild settings is 26/6 at 13:59:57
2021-06-26 15:00:00,611:DEBUG:bot: Exeption: string indices must be integers
 The value of guild settings is 26/6 at 13:59:57
2021-06-26 15:00:00,611:DEBUG:bot: No guilds have chosen this hour to pick
2021-06-26 15:00:00,611:DEBUG:bot: No guilds have chosen this hour to pick
2021-06-26 15:00:00,894:DEBUG:bot: Checking if time to activate
2021-06-26 15:00:00,894:DEBUG:bot: Checking if time to activate
2021-06-26 15:00:00,894:DEBUG:bot: Exeption: string indices must be integers
 The value of guild settings is 26/6 at 13:59:56
2021-06-26 15:00:00,894:DEBUG:bot: Exeption: string indices must be integers
 The value of guild settings is 26/6 at 13:59:56
2021-06-26 15:00:00,894:DEBUG:bot: No guilds have chosen this hour to pick
2021-06-26 15:00:00,894:DEBUG:bot: No guilds have chosen this hour to pick
2021-06-26 15:02:29,886:DEBUG:bot: Brooke bot starting...
2021-06-26 15:02:29,906:DEBUG:bot: Brooke bot starting...
2021-06-26 15:02:29,906:DEBUG:bot: Brooke bot starting...
2021-06-26 15:02:32,780:DEBUG:bot: Parsed last-updated settings
2021-06-26 15:02:32,780:DEBUG:bot: Parsed last-updated settings
2021-06-26 15:02:32,780:DEBUG:bot: dictionary changed size during iteration
2021-06-26 15:02:32,780:DEBUG:bot: dictionary changed size during iteration
2021-06-26 15:02:32,832:DEBUG:bot: Birthday Sleeping for 68247 seconds
2021-06-26 15:02:32,832:DEBUG:bot: Birthday Sleeping for 68247 seconds
2021-06-26 15:02:32,832:DEBUG:bot: Events sleeping for 27 seconds
2021-06-26 15:02:32,832:DEBUG:bot: Events sleeping for 27 seconds
2021-06-26 15:02:32,832:DEBUG:bot: Player of the day sleeping for 3447 seconds
2021-06-26 15:02:32,832:DEBUG:bot: Player of the day sleeping for 3447 seconds
2021-06-26 15:06:07,138:DEBUG:bot: Brooke bot starting...
2021-06-26 15:06:07,171:DEBUG:bot: Brooke bot starting...
2021-06-26 15:06:07,171:DEBUG:bot: Brooke bot starting...
2021-06-26 15:06:12,949:DEBUG:bot: Brooke bot starting...
2021-06-26 15:06:12,980:DEBUG:bot: Brooke bot starting...
2021-06-26 15:06:12,980:DEBUG:bot: Brooke bot starting...
2021-06-26 15:06:15,894:DEBUG:bot: Parsed last-updated settings
2021-06-26 15:06:15,894:DEBUG:bot: Parsed last-updated settings
2021-06-26 15:06:15,894:DEBUG:bot: dictionary changed size during iteration
2021-06-26 15:06:15,894:DEBUG:bot: dictionary changed size during iteration
2021-06-26 15:06:15,910:DEBUG:bot: Birthday Sleeping for 68024 seconds
2021-06-26 15:06:15,910:DEBUG:bot: Birthday Sleeping for 68024 seconds
2021-06-26 15:06:15,910:DEBUG:bot: Events sleeping for 44 seconds
2021-06-26 15:06:15,910:DEBUG:bot: Events sleeping for 44 seconds
2021-06-26 15:06:15,910:DEBUG:bot: Player of the day sleeping for 3224 seconds
2021-06-26 15:06:15,910:DEBUG:bot: Player of the day sleeping for 3224 seconds
2021-06-26 15:08:34,015:DEBUG:bot: Parsed last-updated settings
2021-06-26 15:08:34,015:DEBUG:bot: Parsed last-updated settings
2021-06-26 15:08:34,015:DEBUG:bot: dictionary changed size during iteration
2021-06-26 15:08:34,015:DEBUG:bot: dictionary changed size during iteration
2021-06-26 15:09:44,461:DEBUG:bot: Brooke bot starting...
2021-06-26 15:09:44,486:DEBUG:bot: Brooke bot starting...
2021-06-26 15:09:44,486:DEBUG:bot: Brooke bot starting...
2021-06-26 15:09:47,420:DEBUG:bot: Parsed last-updated settings
2021-06-26 15:09:47,420:DEBUG:bot: Parsed last-updated settings
2021-06-26 15:09:47,420:DEBUG:bot: dictionary changed size during iteration
2021-06-26 15:09:47,420:DEBUG:bot: dictionary changed size during iteration
2021-06-26 15:09:47,441:DEBUG:bot: Birthday Sleeping for 67812 seconds
2021-06-26 15:09:47,441:DEBUG:bot: Birthday Sleeping for 67812 seconds
2021-06-26 15:09:47,441:DEBUG:bot: Events sleeping for 12 seconds
2021-06-26 15:09:47,441:DEBUG:bot: Events sleeping for 12 seconds
2021-06-26 15:09:47,441:DEBUG:bot: Player of the day sleeping for 3012 seconds
2021-06-26 15:09:47,441:DEBUG:bot: Player of the day sleeping for 3012 seconds
2021-06-26 15:19:16,510:DEBUG:bot: Brooke bot starting...
2021-06-26 15:19:16,518:CRITICAL:bot: Failed to load events extension

2021-06-26 15:19:16,518:CRITICAL:bot: Extension 'cogs.events' raised an error: SyntaxError: invalid syntax (events.py, line 113)
2021-06-26 15:19:16,531:DEBUG:bot: Brooke bot starting...
2021-06-26 15:19:16,531:DEBUG:bot: Brooke bot starting...
2021-06-26 15:19:16,535:CRITICAL:bot: Failed to load events extension

2021-06-26 15:19:16,535:CRITICAL:bot: Failed to load events extension

2021-06-26 15:19:16,535:CRITICAL:bot: Extension 'cogs.events' raised an error: SyntaxError: invalid syntax (events.py, line 113)
2021-06-26 15:19:16,535:CRITICAL:bot: Extension 'cogs.events' raised an error: SyntaxError: invalid syntax (events.py, line 113)
2021-06-26 15:19:19,568:DEBUG:bot: Parsed last-updated settings
2021-06-26 15:19:19,568:DEBUG:bot: Parsed last-updated settings
2021-06-26 15:19:19,568:DEBUG:bot: dictionary changed size during iteration
2021-06-26 15:19:19,568:DEBUG:bot: dictionary changed size during iteration
2021-06-26 15:19:19,611:DEBUG:bot: Birthday Sleeping for 67240 seconds
2021-06-26 15:19:19,611:DEBUG:bot: Birthday Sleeping for 67240 seconds
2021-06-26 15:19:19,611:DEBUG:bot: Player of the day sleeping for 2440 seconds
2021-06-26 15:19:19,611:DEBUG:bot: Player of the day sleeping for 2440 seconds
2021-06-26 15:20:37,230:DEBUG:bot: Brooke bot starting...
2021-06-26 15:20:37,238:CRITICAL:bot: Failed to load events extension

2021-06-26 15:20:37,238:CRITICAL:bot: Extension 'cogs.events' raised an error: SyntaxError: positional argument follows keyword argument (events.py, line 196)
2021-06-26 15:20:37,250:DEBUG:bot: Brooke bot starting...
2021-06-26 15:20:37,250:DEBUG:bot: Brooke bot starting...
2021-06-26 15:20:37,255:CRITICAL:bot: Failed to load events extension

2021-06-26 15:20:37,255:CRITICAL:bot: Failed to load events extension

2021-06-26 15:20:37,255:CRITICAL:bot: Extension 'cogs.events' raised an error: SyntaxError: positional argument follows keyword argument (events.py, line 196)
2021-06-26 15:20:37,255:CRITICAL:bot: Extension 'cogs.events' raised an error: SyntaxError: positional argument follows keyword argument (events.py, line 196)
2021-06-26 15:20:40,230:DEBUG:bot: Parsed last-updated settings
2021-06-26 15:20:40,230:DEBUG:bot: Parsed last-updated settings
2021-06-26 15:20:40,230:DEBUG:bot: dictionary changed size during iteration
2021-06-26 15:20:40,230:DEBUG:bot: dictionary changed size during iteration
2021-06-26 15:20:40,252:DEBUG:bot: Birthday Sleeping for 67159 seconds
2021-06-26 15:20:40,252:DEBUG:bot: Birthday Sleeping for 67159 seconds
2021-06-26 15:20:40,253:DEBUG:bot: Player of the day sleeping for 2359 seconds
2021-06-26 15:20:40,253:DEBUG:bot: Player of the day sleeping for 2359 seconds
2021-06-26 15:21:21,408:DEBUG:bot: Brooke bot starting...
2021-06-26 15:21:21,428:DEBUG:bot: Brooke bot starting...
2021-06-26 15:21:21,428:DEBUG:bot: Brooke bot starting...
2021-06-26 15:21:24,388:DEBUG:bot: Parsed last-updated settings
2021-06-26 15:21:24,388:DEBUG:bot: Parsed last-updated settings
2021-06-26 15:21:24,388:DEBUG:bot: dictionary changed size during iteration
2021-06-26 15:21:24,388:DEBUG:bot: dictionary changed size during iteration
2021-06-26 15:21:24,403:DEBUG:bot: Birthday Sleeping for 67115 seconds
2021-06-26 15:21:24,403:DEBUG:bot: Birthday Sleeping for 67115 seconds
2021-06-26 15:21:24,403:DEBUG:bot: Events sleeping for 35 seconds
2021-06-26 15:21:24,403:DEBUG:bot: Events sleeping for 35 seconds
2021-06-26 15:21:24,403:DEBUG:bot: Player of the day sleeping for 2315 seconds
2021-06-26 15:21:24,403:DEBUG:bot: Player of the day sleeping for 2315 seconds
2021-06-26 15:28:56,388:DEBUG:bot: Brooke bot starting...
2021-06-26 15:28:56,395:CRITICAL:bot: Failed to load events extension

2021-06-26 15:28:56,395:CRITICAL:bot: Extension 'cogs.events' raised an error: SyntaxError: EOL while scanning string literal (events.py, line 196)
2021-06-26 15:28:56,406:DEBUG:bot: Brooke bot starting...
2021-06-26 15:28:56,406:DEBUG:bot: Brooke bot starting...
2021-06-26 15:28:56,410:CRITICAL:bot: Failed to load events extension

2021-06-26 15:28:56,410:CRITICAL:bot: Failed to load events extension

2021-06-26 15:28:56,410:CRITICAL:bot: Extension 'cogs.events' raised an error: SyntaxError: EOL while scanning string literal (events.py, line 196)
2021-06-26 15:28:56,410:CRITICAL:bot: Extension 'cogs.events' raised an error: SyntaxError: EOL while scanning string literal (events.py, line 196)
2021-06-26 15:28:59,479:DEBUG:bot: Parsed last-updated settings
2021-06-26 15:28:59,479:DEBUG:bot: Parsed last-updated settings
2021-06-26 15:28:59,479:DEBUG:bot: dictionary changed size during iteration
2021-06-26 15:28:59,479:DEBUG:bot: dictionary changed size during iteration
2021-06-26 15:28:59,495:DEBUG:bot: Birthday Sleeping for 66660 seconds
2021-06-26 15:28:59,495:DEBUG:bot: Birthday Sleeping for 66660 seconds
2021-06-26 15:28:59,496:DEBUG:bot: Player of the day sleeping for 1860 seconds
2021-06-26 15:28:59,496:DEBUG:bot: Player of the day sleeping for 1860 seconds
2021-06-26 15:29:06,402:DEBUG:bot: Brooke bot starting...
2021-06-26 15:29:06,409:CRITICAL:bot: Failed to load events extension

2021-06-26 15:29:06,409:CRITICAL:bot: Extension 'cogs.events' raised an error: SyntaxError: EOL while scanning string literal (events.py, line 196)
2021-06-26 15:29:06,421:DEBUG:bot: Brooke bot starting...
2021-06-26 15:29:06,421:DEBUG:bot: Brooke bot starting...
2021-06-26 15:29:06,425:CRITICAL:bot: Failed to load events extension

2021-06-26 15:29:06,425:CRITICAL:bot: Failed to load events extension

2021-06-26 15:29:06,426:CRITICAL:bot: Extension 'cogs.events' raised an error: SyntaxError: EOL while scanning string literal (events.py, line 196)
2021-06-26 15:29:06,426:CRITICAL:bot: Extension 'cogs.events' raised an error: SyntaxError: EOL while scanning string literal (events.py, line 196)
2021-06-26 15:29:09,344:DEBUG:bot: Parsed last-updated settings
2021-06-26 15:29:09,344:DEBUG:bot: Parsed last-updated settings
2021-06-26 15:29:09,344:DEBUG:bot: dictionary changed size during iteration
2021-06-26 15:29:09,344:DEBUG:bot: dictionary changed size during iteration
2021-06-26 15:29:09,446:DEBUG:bot: Birthday Sleeping for 66650 seconds
2021-06-26 15:29:09,446:DEBUG:bot: Birthday Sleeping for 66650 seconds
2021-06-26 15:29:09,447:DEBUG:bot: Player of the day sleeping for 1850 seconds
2021-06-26 15:29:09,447:DEBUG:bot: Player of the day sleeping for 1850 seconds
2021-06-26 15:29:25,374:DEBUG:bot: Brooke bot starting...
2021-06-26 15:29:25,394:DEBUG:bot: Brooke bot starting...
2021-06-26 15:29:25,394:DEBUG:bot: Brooke bot starting...
2021-06-26 15:29:28,257:DEBUG:bot: Parsed last-updated settings
2021-06-26 15:29:28,257:DEBUG:bot: Parsed last-updated settings
2021-06-26 15:29:28,257:DEBUG:bot: dictionary changed size during iteration
2021-06-26 15:29:28,257:DEBUG:bot: dictionary changed size during iteration
2021-06-26 15:29:28,290:DEBUG:bot: Birthday Sleeping for 66631 seconds
2021-06-26 15:29:28,290:DEBUG:bot: Birthday Sleeping for 66631 seconds
2021-06-26 15:29:28,290:DEBUG:bot: Events sleeping for 31 seconds
2021-06-26 15:29:28,290:DEBUG:bot: Events sleeping for 31 seconds
2021-06-26 15:29:28,291:DEBUG:bot: Player of the day sleeping for 1831 seconds
2021-06-26 15:29:28,291:DEBUG:bot: Player of the day sleeping for 1831 seconds
2021-06-26 15:31:21,439:DEBUG:bot: Brooke bot starting...
2021-06-26 15:31:21,459:DEBUG:bot: Brooke bot starting...
2021-06-26 15:31:21,459:DEBUG:bot: Brooke bot starting...
2021-06-26 15:31:24,329:DEBUG:bot: Parsed last-updated settings
2021-06-26 15:31:24,329:DEBUG:bot: Parsed last-updated settings
2021-06-26 15:31:24,329:DEBUG:bot: dictionary changed size during iteration
2021-06-26 15:31:24,329:DEBUG:bot: dictionary changed size during iteration
2021-06-26 15:31:24,355:DEBUG:bot: Birthday Sleeping for 66515 seconds
2021-06-26 15:31:24,355:DEBUG:bot: Birthday Sleeping for 66515 seconds
2021-06-26 15:31:24,355:DEBUG:bot: Events sleeping for 35 seconds
2021-06-26 15:31:24,355:DEBUG:bot: Events sleeping for 35 seconds
2021-06-26 15:31:24,355:DEBUG:bot: Player of the day sleeping for 1715 seconds
2021-06-26 15:31:24,355:DEBUG:bot: Player of the day sleeping for 1715 seconds
2021-06-26 15:34:37,723:DEBUG:bot: Brooke bot starting...
2021-06-26 15:34:37,744:DEBUG:bot: Brooke bot starting...
2021-06-26 15:34:37,744:DEBUG:bot: Brooke bot starting...
2021-06-26 15:34:40,733:DEBUG:bot: Parsed last-updated settings
2021-06-26 15:34:40,733:DEBUG:bot: Parsed last-updated settings
2021-06-26 15:34:40,733:DEBUG:bot: dictionary changed size during iteration
2021-06-26 15:34:40,733:DEBUG:bot: dictionary changed size during iteration
2021-06-26 15:34:40,812:DEBUG:bot: Birthday Sleeping for 66319 seconds
2021-06-26 15:34:40,812:DEBUG:bot: Birthday Sleeping for 66319 seconds
2021-06-26 15:34:40,812:DEBUG:bot: Events sleeping for 19 seconds
2021-06-26 15:34:40,812:DEBUG:bot: Events sleeping for 19 seconds
2021-06-26 15:34:40,812:DEBUG:bot: Player of the day sleeping for 1519 seconds
2021-06-26 15:34:40,812:DEBUG:bot: Player of the day sleeping for 1519 seconds
2021-06-26 15:36:31,143:DEBUG:bot: Brooke bot starting...
2021-06-26 15:36:31,163:DEBUG:bot: Brooke bot starting...
2021-06-26 15:36:31,163:DEBUG:bot: Brooke bot starting...
2021-06-26 15:36:34,139:DEBUG:bot: Parsed last-updated settings
2021-06-26 15:36:34,139:DEBUG:bot: Parsed last-updated settings
2021-06-26 15:36:34,139:DEBUG:bot: dictionary changed size during iteration
2021-06-26 15:36:34,139:DEBUG:bot: dictionary changed size during iteration
2021-06-26 15:36:34,184:DEBUG:bot: Birthday Sleeping for 66205 seconds
2021-06-26 15:36:34,184:DEBUG:bot: Birthday Sleeping for 66205 seconds
2021-06-26 15:36:34,184:DEBUG:bot: Events sleeping for 25 seconds
2021-06-26 15:36:34,184:DEBUG:bot: Events sleeping for 25 seconds
2021-06-26 15:36:34,184:DEBUG:bot: Player of the day sleeping for 1405 seconds
2021-06-26 15:36:34,184:DEBUG:bot: Player of the day sleeping for 1405 seconds
2021-06-26 15:45:35,216:DEBUG:bot: Brooke bot starting...
2021-06-26 15:45:35,230:DEBUG:bot: Brooke bot starting...
2021-06-26 15:45:35,230:DEBUG:bot: Brooke bot starting...
2021-06-26 15:45:38,145:DEBUG:bot: Parsed last-updated settings
2021-06-26 15:45:38,145:DEBUG:bot: Parsed last-updated settings
2021-06-26 15:45:38,145:DEBUG:bot: dictionary changed size during iteration
2021-06-26 15:45:38,145:DEBUG:bot: dictionary changed size during iteration
2021-06-26 15:45:38,164:DEBUG:bot: Birthday Sleeping for 65661 seconds
2021-06-26 15:45:38,164:DEBUG:bot: Birthday Sleeping for 65661 seconds
2021-06-26 15:45:38,165:DEBUG:bot: Events sleeping for 21 seconds
2021-06-26 15:45:38,165:DEBUG:bot: Events sleeping for 21 seconds
2021-06-26 15:45:38,165:DEBUG:bot: Player of the day sleeping for 861 seconds
2021-06-26 15:45:38,165:DEBUG:bot: Player of the day sleeping for 861 seconds
